2018-11-30 18:21:23 engine.py [line:32] INFO: 开始运行时间：2018-11-30 18:21:23.008460
2018-11-30 18:21:23 engine.py [line:35] INFO: 结束运行时间：2018-11-30 18:21:23.312071
2018-11-30 18:21:23 engine.py [line:36] INFO: 耗时：0.30
2018-12-01 15:05:28 engine.py [line:35] INFO: 开始运行时间：2018-12-01 15:05:28.415587
2018-12-01 15:05:29 engine.py [line:38] INFO: 结束运行时间：2018-12-01 15:05:29.055015
2018-12-01 15:05:29 engine.py [line:39] INFO: 耗时：0.64
2018-12-01 15:05:29 engine.py [line:40] INFO: 总的请求数量:2
2018-12-01 15:05:29 engine.py [line:41] INFO: 总的响应数量:2
2018-12-01 15:06:40 engine.py [line:35] INFO: 开始运行时间：2018-12-01 15:06:40.997344
2018-12-01 15:06:41 engine.py [line:38] INFO: 结束运行时间：2018-12-01 15:06:41.801799
2018-12-01 15:06:41 engine.py [line:39] INFO: 耗时：0.80
2018-12-01 15:06:41 engine.py [line:40] INFO: 总的请求数量:2
2018-12-01 15:06:41 engine.py [line:41] INFO: 总的响应数量:2
2018-12-01 15:07:06 engine.py [line:35] INFO: 开始运行时间：2018-12-01 15:07:06.820015
2018-12-01 15:07:07 engine.py [line:38] INFO: 结束运行时间：2018-12-01 15:07:07.627599
2018-12-01 15:07:07 engine.py [line:39] INFO: 耗时：0.81
2018-12-01 15:07:07 engine.py [line:40] INFO: 总的请求数量:2
2018-12-01 15:07:07 engine.py [line:41] INFO: 总的响应数量:2
2018-12-01 15:08:24 engine.py [line:35] INFO: 开始运行时间：2018-12-01 15:08:24.612514
2018-12-01 15:08:27 engine.py [line:38] INFO: 结束运行时间：2018-12-01 15:08:27.899003
2018-12-01 15:08:27 engine.py [line:39] INFO: 耗时：3.29
2018-12-01 15:08:27 engine.py [line:40] INFO: 总的请求数量:2
2018-12-01 15:08:27 engine.py [line:41] INFO: 总的响应数量:2
2018-12-01 15:09:09 engine.py [line:36] INFO: 开始运行时间：2018-12-01 15:09:09.544300
2018-12-01 15:09:10 engine.py [line:39] INFO: 结束运行时间：2018-12-01 15:09:10.771125
2018-12-01 15:09:10 engine.py [line:40] INFO: 耗时：1.23
2018-12-01 15:09:10 engine.py [line:41] INFO: 总的请求数量:2
2018-12-01 15:09:10 engine.py [line:42] INFO: 总的响应数量:2
2018-12-01 15:10:27 engine.py [line:37] INFO: 开始运行时间：2018-12-01 15:10:27.005718
2018-12-01 15:13:02 engine.py [line:36] INFO: 开始运行时间：2018-12-01 15:13:02.099823
2018-12-01 15:32:26 engine.py [line:36] INFO: 开始运行时间：2018-12-01 15:32:26.997049
2018-12-01 15:33:52 engine.py [line:36] INFO: 开始运行时间：2018-12-01 15:33:52.227257
2018-12-01 15:58:59 engine.py [line:36] INFO: 开始运行时间：2018-12-01 15:58:59.340485
2018-12-01 15:59:23 engine.py [line:39] INFO: 结束运行时间：2018-12-01 15:59:23.041518
2018-12-01 15:59:23 engine.py [line:40] INFO: 耗时：23.70
2018-12-01 15:59:23 engine.py [line:41] INFO: 总的请求数量:11
2018-12-01 15:59:23 engine.py [line:42] INFO: 总的响应数量:11
2018-12-01 16:07:44 engine.py [line:36] INFO: 开始运行时间：2018-12-01 16:07:44.933299
2018-12-01 16:07:47 engine.py [line:39] INFO: 结束运行时间：2018-12-01 16:07:47.969153
2018-12-01 16:07:47 engine.py [line:40] INFO: 耗时：3.04
2018-12-01 16:07:47 engine.py [line:41] INFO: 总的请求数量:11
2018-12-01 16:07:47 engine.py [line:42] INFO: 总的响应数量:11
2018-12-01 16:18:09 engine.py [line:36] INFO: 开始运行时间：2018-12-01 16:18:09.814733
2018-12-01 16:18:40 engine.py [line:36] INFO: 开始运行时间：2018-12-01 16:18:40.070704
2018-12-01 16:19:15 engine.py [line:39] INFO: 结束运行时间：2018-12-01 16:19:15.346771
2018-12-01 16:19:15 engine.py [line:40] INFO: 耗时：35.28
2018-12-01 16:19:15 engine.py [line:41] INFO: 总的请求数量:11
2018-12-01 16:19:15 engine.py [line:42] INFO: 总的响应数量:11
